<?xml version="1.0" encoding="UTF-8"?>
<!-- Generated by org.testng.reporters.JUnitXMLReporter -->
<testsuite hostname="PUGHAZHENDI-PC" ignored="13" name="Test" tests="2" failures="0" timestamp="15 Jun 2022 14:00:34 GMT" time="0.125" errors="0">
  <testcase name="testA14" time="0.031" classname="org.para.grouping"/>
  <testcase name="testA15" time="0.0" classname="org.para.grouping"/>
  <testcase name="testA7" time="0.0" classname="org.para.grouping">
    <ignored/>
  </testcase> <!-- testA7 -->
  <testcase name="testA13" time="0.0" classname="org.para.grouping">
    <ignored/>
  </testcase> <!-- testA13 -->
  <testcase name="testA12" time="0.0" classname="org.para.grouping">
    <ignored/>
  </testcase> <!-- testA12 -->
  <testcase name="testA6" time="0.0" classname="org.para.grouping">
    <ignored/>
  </testcase> <!-- testA6 -->
  <testcase name="testA4" time="0.0" classname="org.para.grouping">
    <ignored/>
  </testcase> <!-- testA4 -->
  <testcase name="testA5" time="0.0" classname="org.para.grouping">
    <ignored/>
  </testcase> <!-- testA5 -->
  <testcase name="testA2" time="0.0" classname="org.para.grouping">
    <ignored/>
  </testcase> <!-- testA2 -->
  <testcase name="testA3" time="0.0" classname="org.para.grouping">
    <ignored/>
  </testcase> <!-- testA3 -->
  <testcase name="testA1" time="0.0" classname="org.para.grouping">
    <ignored/>
  </testcase> <!-- testA1 -->
  <testcase name="testA11" time="0.0" classname="org.para.grouping">
    <ignored/>
  </testcase> <!-- testA11 -->
  <testcase name="testA10" time="0.0" classname="org.para.grouping">
    <ignored/>
  </testcase> <!-- testA10 -->
  <testcase name="testA8" time="0.0" classname="org.para.grouping">
    <ignored/>
  </testcase> <!-- testA8 -->
  <testcase name="testA9" time="0.0" classname="org.para.grouping">
    <ignored/>
  </testcase> <!-- testA9 -->
</testsuite> <!-- Test -->
