<?xml version="1.0" encoding="UTF-8"?>
<testng-results skipped="0" failed="0" ignored="0" total="1" passed="1">
  <reporter-output>
  </reporter-output>
  <suite name="Default suite" duration-ms="117991" started-at="2022-06-15T15:36:42Z" finished-at="2022-06-15T15:38:40Z">
    <groups>
    </groups>
    <test name="Default test" duration-ms="117991" started-at="2022-06-15T15:36:42Z" finished-at="2022-06-15T15:38:40Z">
      <class name="org.test.FlipkartProject">
        <test-method status="PASS" signature="testcase1()[pri:0, instance:org.test.FlipkartProject@132ec19]" name="testcase1" duration-ms="117898" started-at="2022-06-15T21:06:42Z" finished-at="2022-06-15T21:08:40Z">
          <reporter-output>
          </reporter-output>
        </test-method> <!-- testcase1 -->
      </class> <!-- org.test.FlipkartProject -->
    </test> <!-- Default test -->
  </suite> <!-- Default suite -->
</testng-results>
